[debug] [2023-12-26T11:29:25.479Z] ----------------------------------------------------------------------
[debug] [2023-12-26T11:29:25.485Z] Command:       C:\Program Files\nodejs\node.exe C:\Users\maank\AppData\Roaming\npm\node_modules\firebase-tools\lib\bin\firebase.js deploy
[debug] [2023-12-26T11:29:25.486Z] CLI Version:   12.8.0
[debug] [2023-12-26T11:29:25.487Z] Platform:      win32
[debug] [2023-12-26T11:29:25.488Z] Node Version:  v18.18.0
[debug] [2023-12-26T11:29:25.489Z] Time:          Tue Dec 26 2023 16:59:25 GMT+0530 (India Standard Time)
[debug] [2023-12-26T11:29:25.489Z] ----------------------------------------------------------------------
[debug] 
[debug] [2023-12-26T11:29:25.666Z] > command requires scopes: ["email","openid","https://www.googleapis.com/auth/cloudplatformprojects.readonly","https://www.googleapis.com/auth/firebase","https://www.googleapis.com/auth/cloud-platform"]
[debug] [2023-12-26T11:29:25.668Z] > authorizing via signed-in user (maankhushi303@gmail.com)
[debug] [2023-12-26T11:29:25.669Z] [iam] checking project email-form-001 for permissions ["firebase.projects.get","firebasehosting.sites.update"]
[debug] [2023-12-26T11:29:25.677Z] >>> [apiv2][query] POST https://cloudresourcemanager.googleapis.com/v1/projects/email-form-001:testIamPermissions [none]
[debug] [2023-12-26T11:29:25.678Z] >>> [apiv2][(partial)header] POST https://cloudresourcemanager.googleapis.com/v1/projects/email-form-001:testIamPermissions x-goog-quota-user=projects/email-form-001
[debug] [2023-12-26T11:29:25.679Z] >>> [apiv2][body] POST https://cloudresourcemanager.googleapis.com/v1/projects/email-form-001:testIamPermissions {"permissions":["firebase.projects.get","firebasehosting.sites.update"]}
[debug] [2023-12-26T11:29:27.650Z] <<< [apiv2][status] POST https://cloudresourcemanager.googleapis.com/v1/projects/email-form-001:testIamPermissions 200
[debug] [2023-12-26T11:29:27.651Z] <<< [apiv2][body] POST https://cloudresourcemanager.googleapis.com/v1/projects/email-form-001:testIamPermissions {"permissions":["firebase.projects.get","firebasehosting.sites.update"]}
[debug] [2023-12-26T11:29:27.652Z] >>> [apiv2][query] GET https://firebase.googleapis.com/v1beta1/projects/email-form-001 [none]
[debug] [2023-12-26T11:29:28.206Z] <<< [apiv2][status] GET https://firebase.googleapis.com/v1beta1/projects/email-form-001 200
[debug] [2023-12-26T11:29:28.206Z] <<< [apiv2][body] GET https://firebase.googleapis.com/v1beta1/projects/email-form-001 {"projectId":"email-form-001","projectNumber":"204933480457","displayName":"Email-Form-001","name":"projects/email-form-001","resources":{"hostingSite":"email-form-001"},"state":"ACTIVE","etag":"1_1ae9c508-fcc6-4938-bc68-229911ec3d35"}
[info] 
[info] === Deploying to 'email-form-001'...
[info] 
[info] i  deploying hosting 
[debug] [2023-12-26T11:29:28.220Z] >>> [apiv2][query] POST https://firebasehosting.googleapis.com/v1beta1/projects/-/sites/email-form-001/versions [none]
[debug] [2023-12-26T11:29:28.220Z] >>> [apiv2][body] POST https://firebasehosting.googleapis.com/v1beta1/projects/-/sites/email-form-001/versions {"status":"CREATED","labels":{"deployment-tool":"cli-firebase"}}
[debug] [2023-12-26T11:29:29.694Z] <<< [apiv2][status] POST https://firebasehosting.googleapis.com/v1beta1/projects/-/sites/email-form-001/versions 200
[debug] [2023-12-26T11:29:29.695Z] <<< [apiv2][body] POST https://firebasehosting.googleapis.com/v1beta1/projects/-/sites/email-form-001/versions {"name":"projects/204933480457/sites/email-form-001/versions/5d56c682e6111250","status":"CREATED","config":{},"labels":{"deployment-tool":"cli-firebase"}}
[info] i  hosting[email-form-001]: beginning deploy... 
[info] i  hosting[email-form-001]: found 17 files in build 
[debug] [2023-12-26T11:29:29.726Z] [hosting] uploading with 200 concurrency
[debug] [2023-12-26T11:29:29.987Z] [hosting] hash cache [YnVpbGQ] stored for 17 files
[debug] [2023-12-26T11:29:29.987Z] [hosting][hash queue][FINAL] {"max":241,"min":8,"avg":46,"active":0,"complete":17,"success":17,"errored":0,"retried":0,"total":17,"elapsed":255}
[debug] [2023-12-26T11:29:29.988Z] >>> [apiv2][query] POST https://firebasehosting.googleapis.com/v1beta1/projects/204933480457/sites/email-form-001/versions/5d56c682e6111250:populateFiles [none]
[debug] [2023-12-26T11:29:29.988Z] >>> [apiv2][body] POST https://firebasehosting.googleapis.com/v1beta1/projects/204933480457/sites/email-form-001/versions/5d56c682e6111250:populateFiles {"files":{"/favicon.ico":"eae62e993eb980ec8a25058c39d5a51feab118bd2100c4deebb2a9c158ec11f9","/logo192.png":"3ee59515172ee198f3be375979df15ac5345183e656720a381b8872b2a39dc8b","/logo512.png":"ee7e2f3fdb8209c4b6fd7bef6ba50d1b9dba30a25bb5c3126df057e1cb6f5331","/manifest.json":"aff3449bdc238776f5d6d967f19ec491b36aed5fb7f23ccff6500736fd58494a","/robots.txt":"bfe106a3fb878dc83461c86818bf74fc1bdc7f28538ba613cd3e775516ce8b49","/asset-manifest.json":"72d411f201dd564ae0ff8ce31079ce295b4ab44422c6344dcaaf8b1cf9bf9ea5","/404.html":"daa499dd96d8229e73235345702ba32f0793f0c8e5c0d30e40e37a5872be57aa","/static/js/787.d345b5f9.chunk.js":"6f2b5846b003ee88ecfb32bcee0b1b5ec1e741dc923e7bcec3bae15d5ab77efa","/static/js/main.da4e6262.js.LICENSE.txt":"3881052ee7f11e5ed3a7d332c7f3339d7e97ca3503f0f1e0f9044a9e500dafb0","/index.html":"a3ee5ad1e1d48271457022e5d14ff0adec58e5130b0df3c384c5d7d3d2149ab3","/static/js/787.d345b5f9.chunk.js.map":"0fddcf10faed32a188c23f13fb0a9f115db3f2d603e21f60a4bba07373ea3e1c","/static/css/main.b1d7ec7b.css":"e76183d429e5947888105dd681445b02f62ac44873a9f087f39c1df19023d1d3","/static/js/main.da4e6262.js":"85eeb97cb9aaa659e8d0b886ab58b1f63d684f3bbd2d20707a238554d56566ef","/static/media/img3.4884698c71e5f23b6a1e.png":"d18c6afed819454f905875a52368c6350554bef8db0cee361d8ad924d2beb1a8","/static/css/main.b1d7ec7b.css.map":"9f6bbca668bea86fc9a12b7ef04eca25b2988a3f14f211bd92d5ce2a5d9e161a","/static/media/img1.02e028276d4f2e9c7dac.png":"f0beb4351c83ad2b258a7f1755c00ade8d65266b589762572fa1bc3186dec9f9","/static/js/main.da4e6262.js.map":"0bd07d460ef78abe6da05f65b9bf8fbc1b83caa825373fbd6d216fc7ea7f69f0"}}
[debug] [2023-12-26T11:29:31.239Z] <<< [apiv2][status] POST https://firebasehosting.googleapis.com/v1beta1/projects/204933480457/sites/email-form-001/versions/5d56c682e6111250:populateFiles 200
[debug] [2023-12-26T11:29:31.239Z] <<< [apiv2][body] POST https://firebasehosting.googleapis.com/v1beta1/projects/204933480457/sites/email-form-001/versions/5d56c682e6111250:populateFiles {"uploadRequiredHashes":["72d411f201dd564ae0ff8ce31079ce295b4ab44422c6344dcaaf8b1cf9bf9ea5","85eeb97cb9aaa659e8d0b886ab58b1f63d684f3bbd2d20707a238554d56566ef","0bd07d460ef78abe6da05f65b9bf8fbc1b83caa825373fbd6d216fc7ea7f69f0","a3ee5ad1e1d48271457022e5d14ff0adec58e5130b0df3c384c5d7d3d2149ab3"],"uploadUrl":"https://upload-firebasehosting.googleapis.com/upload/sites/email-form-001/versions/5d56c682e6111250/files"}
[debug] [2023-12-26T11:29:31.242Z] >>> [apiv2][query] POST https://upload-firebasehosting.googleapis.com/upload/sites/email-form-001/versions/5d56c682e6111250/files/72d411f201dd564ae0ff8ce31079ce295b4ab44422c6344dcaaf8b1cf9bf9ea5 [none]
[debug] [2023-12-26T11:29:31.242Z] >>> [apiv2][body] POST https://upload-firebasehosting.googleapis.com/upload/sites/email-form-001/versions/5d56c682e6111250/files/72d411f201dd564ae0ff8ce31079ce295b4ab44422c6344dcaaf8b1cf9bf9ea5 [stream]
[debug] [2023-12-26T11:29:31.245Z] >>> [apiv2][query] POST https://upload-firebasehosting.googleapis.com/upload/sites/email-form-001/versions/5d56c682e6111250/files/85eeb97cb9aaa659e8d0b886ab58b1f63d684f3bbd2d20707a238554d56566ef [none]
[debug] [2023-12-26T11:29:31.245Z] >>> [apiv2][body] POST https://upload-firebasehosting.googleapis.com/upload/sites/email-form-001/versions/5d56c682e6111250/files/85eeb97cb9aaa659e8d0b886ab58b1f63d684f3bbd2d20707a238554d56566ef [stream]
[debug] [2023-12-26T11:29:31.248Z] >>> [apiv2][query] POST https://upload-firebasehosting.googleapis.com/upload/sites/email-form-001/versions/5d56c682e6111250/files/0bd07d460ef78abe6da05f65b9bf8fbc1b83caa825373fbd6d216fc7ea7f69f0 [none]
[debug] [2023-12-26T11:29:31.248Z] >>> [apiv2][body] POST https://upload-firebasehosting.googleapis.com/upload/sites/email-form-001/versions/5d56c682e6111250/files/0bd07d460ef78abe6da05f65b9bf8fbc1b83caa825373fbd6d216fc7ea7f69f0 [stream]
[debug] [2023-12-26T11:29:31.251Z] >>> [apiv2][query] POST https://upload-firebasehosting.googleapis.com/upload/sites/email-form-001/versions/5d56c682e6111250/files/a3ee5ad1e1d48271457022e5d14ff0adec58e5130b0df3c384c5d7d3d2149ab3 [none]
[debug] [2023-12-26T11:29:31.251Z] >>> [apiv2][body] POST https://upload-firebasehosting.googleapis.com/upload/sites/email-form-001/versions/5d56c682e6111250/files/a3ee5ad1e1d48271457022e5d14ff0adec58e5130b0df3c384c5d7d3d2149ab3 [stream]
[debug] [2023-12-26T11:29:31.254Z] [hosting][populate queue][FINAL] {"max":1256,"min":1256,"avg":1256,"active":0,"complete":1,"success":1,"errored":0,"retried":0,"total":1,"elapsed":1269}
[debug] [2023-12-26T11:29:31.254Z] [hosting] uploads queued: 4
